2017-03-14 19:33:58,715 root         DEBUG    test visiting
2017-03-14 19:49:34,821 root         INFO     .DS_Store
2017-03-14 19:49:34,822 root         INFO     Aaron_Eckhart
2017-03-14 19:49:34,822 root         INFO     Aaron_Guiel
2017-03-14 19:49:34,822 root         INFO     Aaron_Patterson
2017-03-14 19:49:34,822 root         INFO     Aaron_Peirsol
2017-03-14 19:49:34,823 root         INFO     Aaron_Pena
2017-03-14 19:49:34,823 root         INFO     Aaron_Sorkin
2017-03-14 19:49:34,823 root         INFO     Aaron_Tippin
2017-03-14 19:49:34,823 root         INFO     Abba_Eban
2017-03-14 19:49:34,823 root         INFO     Abbas_Kiarostami
2017-03-14 19:49:34,823 root         INFO     Abdel_Aziz_Al-Hakim
2017-03-14 19:49:34,823 root         INFO     Abdel_Madi_Shabneh
2017-03-14 19:49:34,823 root         INFO     Abdel_Nasser_Assidi
2017-03-14 19:49:34,823 root         INFO     Abdoulaye_Wade
2017-03-14 19:49:34,823 root         INFO     Abdul_Majeed_Shobokshi
2017-03-14 19:49:34,823 root         INFO     Abdul_Rahman
2017-03-14 19:49:34,823 root         INFO     Abdulaziz_Kamilov
2017-03-14 19:49:34,823 root         INFO     Abdullah
2017-03-14 19:49:34,823 root         INFO     Abdullah_Ahmad_Badawi
2017-03-14 19:49:34,823 root         INFO     Abdullah_al-Attiyah
2017-03-14 19:49:34,823 root         INFO     Abdullah_Gul
2017-03-14 19:49:34,823 root         INFO     Abdullah_Nasseef
2017-03-14 19:49:34,823 root         INFO     Abdullatif_Sener
2017-03-14 19:49:34,823 root         INFO     Abel_Aguilar
2017-03-14 19:49:34,823 root         INFO     Abel_Pacheco
2017-03-14 19:49:34,823 root         INFO     Abid_Hamid_Mahmud_Al-Tikriti
2017-03-14 19:49:34,823 root         INFO     Abner_Martinez
2017-03-14 19:49:34,823 root         INFO     Abraham_Foxman
2017-03-14 19:49:34,823 root         INFO     Aby_Har-Even
2017-03-14 19:49:34,823 root         INFO     Adam_Ant
2017-03-14 19:49:34,824 root         INFO     Adam_Freier
2017-03-14 19:49:34,824 root         INFO     Adam_Herbert
2017-03-14 19:49:34,824 root         INFO     Adam_Kennedy
2017-03-14 19:49:34,824 root         INFO     Adam_Mair
2017-03-14 19:49:34,824 root         INFO     Adam_Rich
2017-03-14 19:49:34,824 root         INFO     Adam_Sandler
2017-03-14 19:49:34,824 root         INFO     Adam_Scott
2017-03-14 19:49:34,824 root         INFO     Adel_Al-Jubeir
2017-03-14 19:49:34,824 root         INFO     Adelina_Avila
2017-03-14 19:49:34,824 root         INFO     Adisai_Bodharamik
2017-03-14 19:49:34,824 root         INFO     Adolfo_Aguilar_Zinser
2017-03-14 19:49:34,824 root         INFO     Adolfo_Rodriguez_Saa
2017-03-14 19:49:34,824 root         INFO     Adoor_Gopalakarishnan
2017-03-14 19:49:34,824 root         INFO     Adrian_Annus
2017-03-14 19:49:34,824 root         INFO     Adrian_Fernandez
2017-03-14 19:49:34,824 root         INFO     Adrian_McPherson
2017-03-14 19:49:34,824 root         INFO     Adrian_Murrell
2017-03-14 19:49:34,824 root         INFO     Adrian_Nastase
2017-03-14 19:49:34,824 root         INFO     Adriana_Lima
2017-03-14 19:49:34,824 root         INFO     Adriana_Perez_Navarro
2017-03-14 19:49:34,824 root         INFO     Adrianna_Zuzic
2017-03-14 19:49:34,824 root         INFO     Adrien_Brody
2017-03-14 19:49:34,824 root         INFO     Afton_Smith
2017-03-14 19:49:34,824 root         INFO     Agbani_Darego
2017-03-14 19:49:34,824 root         INFO     Agnelo_Queiroz
2017-03-14 19:49:34,825 root         INFO     Agnes_Bruckner
2017-03-14 19:49:34,825 root         INFO     Ahmad_Jbarah
2017-03-14 19:49:34,825 root         INFO     Ahmad_Masood
2017-03-14 19:49:34,825 root         INFO     Ahmed_Ahmed
2017-03-14 19:49:34,825 root         INFO     Ahmed_Chalabi
2017-03-14 19:49:34,825 root         INFO     Ahmed_Ghazi
2017-03-14 19:49:34,825 root         INFO     Ahmed_Ibrahim_Bilal
2017-03-14 19:49:34,825 root         INFO     Ahmed_Lopez
2017-03-14 19:49:34,825 root         INFO     Ahmed_Qureia
2017-03-14 19:49:34,825 root         INFO     Ahmet_Demir
2017-03-14 19:49:34,825 root         INFO     Ahmet_Necdet_Sezer
2017-03-14 19:49:34,825 root         INFO     Ai_Sugiyama
2017-03-14 19:49:34,825 root         INFO     Aicha_El_Ouafi
2017-03-14 19:49:34,825 root         INFO     Aidan_Quinn
2017-03-14 19:49:34,825 root         INFO     Aileen_Riggin_Soule
2017-03-14 19:49:34,825 root         INFO     Ain_Seppik
2017-03-14 19:49:34,825 root         INFO     Ainsworth_Dyer
2017-03-14 19:49:34,825 root         INFO     Aishwarya_Rai
2017-03-14 19:49:34,825 root         INFO     Aitor_Gonzalez
2017-03-14 19:49:34,825 root         INFO     Aiysha_Smith
2017-03-14 19:49:34,825 root         INFO     AJ_Cook
2017-03-14 19:49:34,825 root         INFO     AJ_Lamas
2017-03-14 19:49:34,825 root         INFO     Ajit_Agarkar
2017-03-14 19:49:34,825 root         INFO     Akbar_Al_Baker
2017-03-14 19:49:34,825 root         INFO     Akbar_Hashemi_Rafsanjani
2017-03-14 19:49:34,826 root         INFO     Akhmed_Zakayev
2017-03-14 19:49:34,826 root         INFO     Akiko_Morigami
2017-03-14 19:49:34,826 root         INFO     Akmal_Taher
2017-03-14 19:49:34,826 root         INFO     Al_Cardenas
2017-03-14 19:49:34,826 root         INFO     Al_Davis
2017-03-14 19:49:34,826 root         INFO     Al_Gore
2017-03-14 19:49:34,826 root         INFO     Al_Leiter
2017-03-14 19:49:34,826 root         INFO     Al_Pacino
2017-03-14 19:49:34,826 root         INFO     Al_Sharpton
2017-03-14 19:49:34,826 root         INFO     Alain_Cervantes
2017-03-14 19:49:34,826 root         INFO     Alain_Ducasse
2017-03-14 19:49:34,826 root         INFO     Alan_Ball
2017-03-14 19:49:34,826 root         INFO     Alan_Dershowitz
2017-03-14 19:49:34,826 root         INFO     Alan_Dreher
2017-03-14 19:49:34,826 root         INFO     Alan_Greenspan
2017-03-14 19:49:34,826 root         INFO     Alan_Greer
2017-03-14 19:49:34,826 root         INFO     Alan_Jackson
2017-03-14 19:49:34,826 root         INFO     Alan_Mulally
2017-03-14 19:49:34,826 root         INFO     Alan_Stonecipher
2017-03-14 19:49:34,826 root         INFO     Alan_Tang_Kwong-wing
2017-03-14 19:49:34,826 root         INFO     Alan_Trammell
2017-03-14 19:49:34,826 root         INFO     Alan_Zemaitis
2017-03-14 19:49:34,826 root         INFO     Alanis_Morissette
2017-03-14 19:49:34,826 root         INFO     Alanna_Ubach
2017-03-14 19:49:34,826 root         INFO     Alastair_Campbell
2017-03-14 19:49:34,826 root         INFO     Alastair_Johnston
2017-03-14 19:49:34,826 root         INFO     Albaro_Recoba
2017-03-14 19:49:34,827 root         INFO     Albert_Brooks
2017-03-14 19:49:34,827 root         INFO     Albert_Costa
2017-03-14 19:49:34,827 root         INFO     Albert_Montanes
2017-03-14 19:49:34,827 root         INFO     Albert_Pujols
2017-03-14 19:49:34,827 root         INFO     Alberta_Lee
2017-03-14 19:49:34,827 root         INFO     Alberto_Acosta
2017-03-14 19:49:34,827 root         INFO     Alberto_Fujimori
2017-03-14 19:49:34,827 root         INFO     Alberto_Gonzales
2017-03-14 19:49:34,827 root         INFO     Alberto_Ruiz_Gallardon
2017-03-14 19:49:34,827 root         INFO     Alberto_Sordi
2017-03-14 19:49:34,827 root         INFO     Albrecht_Mentz
2017-03-14 19:49:34,827 root         INFO     Aldo_Paredes
2017-03-14 19:49:34,827 root         INFO     Alec_Baldwin
2017-03-14 19:49:34,827 root         INFO     Alecos_Markides
2017-03-14 19:49:34,827 root         INFO     Alejandro_Atchugarry
2017-03-14 19:49:34,827 root         INFO     Alejandro_Avila
2017-03-14 19:49:34,827 root         INFO     Alejandro_Fernandez
2017-03-14 19:49:34,827 root         INFO     Alejandro_Gonzalez_Inarritu
2017-03-14 19:49:34,827 root         INFO     Alejandro_Lembo
2017-03-14 19:49:34,827 root         INFO     Alejandro_Lerner
2017-03-14 19:49:34,827 root         INFO     Alejandro_Lopez
2017-03-14 19:49:34,827 root         INFO     Alejandro_Toledo
2017-03-14 19:49:34,827 root         INFO     Alek_Wek
2017-03-14 19:49:34,827 root         INFO     Aleksander_Kwasniewski
2017-03-14 19:49:34,827 root         INFO     Aleksander_Voloshin
2017-03-14 19:49:34,827 root         INFO     Alessandra_Cerna
2017-03-14 19:49:34,828 root         INFO     Alessandro_Nesta
2017-03-14 19:49:34,828 root         INFO     Alex_Barros
2017-03-14 19:49:34,828 root         INFO     Alex_Cabrera
2017-03-14 19:49:34,828 root         INFO     Alex_Cejka
2017-03-14 19:49:34,828 root         INFO     Alex_Corretja
2017-03-14 19:49:34,828 root         INFO     Alex_Ferguson
2017-03-14 19:49:34,828 root         INFO     Alex_Gonzalez
2017-03-14 19:49:34,828 root         INFO     Alex_Holmes
2017-03-14 19:49:34,828 root         INFO     Alex_King
2017-03-14 19:49:34,828 root         INFO     Alex_Penelas
2017-03-14 19:49:34,828 root         INFO     Alex_Popov
2017-03-14 19:49:34,828 root         INFO     Alex_Sink
2017-03-14 19:49:34,828 root         INFO     Alex_Wallau
2017-03-14 19:49:34,828 root         INFO     Alex_Zanardi
2017-03-14 19:49:34,828 root         INFO     Alexa_Loren
2017-03-14 19:49:34,828 root         INFO     Alexa_Vega
2017-03-14 19:49:34,828 root         INFO     Alexander_Downer
2017-03-14 19:50:11,507 root         INFO     .DS_Store
2017-03-14 19:50:11,508 root         INFO     Aaron_Eckhart
2017-03-14 19:50:11,508 root         INFO     Aaron_Guiel
2017-03-14 19:50:11,508 root         INFO     Aaron_Patterson
2017-03-14 19:50:11,508 root         INFO     Aaron_Peirsol
2017-03-14 19:50:11,508 root         INFO     Aaron_Pena
2017-03-14 19:50:11,508 root         INFO     Aaron_Sorkin
2017-03-14 19:50:11,508 root         INFO     Aaron_Tippin
2017-03-14 19:50:11,508 root         INFO     Abba_Eban
2017-03-14 19:50:11,508 root         INFO     Abbas_Kiarostami
2017-03-14 19:50:11,508 root         INFO     Abdel_Aziz_Al-Hakim
2017-03-14 19:50:11,508 root         INFO     Abdel_Madi_Shabneh
2017-03-14 19:50:11,508 root         INFO     Abdel_Nasser_Assidi
2017-03-14 19:50:11,508 root         INFO     Abdoulaye_Wade
2017-03-14 19:50:11,508 root         INFO     Abdul_Majeed_Shobokshi
2017-03-14 19:50:11,508 root         INFO     Abdul_Rahman
2017-03-14 19:50:11,508 root         INFO     Abdulaziz_Kamilov
2017-03-14 19:50:11,508 root         INFO     Abdullah
2017-03-14 19:50:11,508 root         INFO     Abdullah_Ahmad_Badawi
2017-03-14 19:50:11,508 root         INFO     Abdullah_al-Attiyah
2017-03-14 19:50:11,508 root         INFO     Abdullah_Gul
2017-03-14 19:50:11,508 root         INFO     Abdullah_Nasseef
2017-03-14 19:50:11,508 root         INFO     Abdullatif_Sener
2017-03-14 19:50:11,508 root         INFO     Abel_Aguilar
2017-03-14 19:50:11,508 root         INFO     Abel_Pacheco
2017-03-14 19:50:11,508 root         INFO     Abid_Hamid_Mahmud_Al-Tikriti
2017-03-14 19:50:11,509 root         INFO     Abner_Martinez
2017-03-14 19:50:11,509 root         INFO     Abraham_Foxman
2017-03-14 19:50:11,509 root         INFO     Aby_Har-Even
2017-03-14 19:50:11,509 root         INFO     Adam_Ant
2017-03-14 19:50:11,509 root         INFO     Adam_Freier
2017-03-14 19:50:11,509 root         INFO     Adam_Herbert
2017-03-14 19:50:11,509 root         INFO     Adam_Kennedy
2017-03-14 19:50:11,509 root         INFO     Adam_Mair
2017-03-14 19:50:11,509 root         INFO     Adam_Rich
2017-03-14 19:50:11,509 root         INFO     Adam_Sandler
2017-03-14 19:50:11,509 root         INFO     Adam_Scott
2017-03-14 19:50:11,509 root         INFO     Adel_Al-Jubeir
2017-03-14 19:50:11,509 root         INFO     Adelina_Avila
2017-03-14 19:50:11,509 root         INFO     Adisai_Bodharamik
2017-03-14 19:50:11,509 root         INFO     Adolfo_Aguilar_Zinser
2017-03-14 19:50:11,509 root         INFO     Adolfo_Rodriguez_Saa
2017-03-14 19:50:11,509 root         INFO     Adoor_Gopalakarishnan
2017-03-14 19:50:11,509 root         INFO     Adrian_Annus
2017-03-14 19:50:11,509 root         INFO     Adrian_Fernandez
2017-03-14 19:50:11,509 root         INFO     Adrian_McPherson
2017-03-14 19:50:11,509 root         INFO     Adrian_Murrell
2017-03-14 19:50:11,509 root         INFO     Adrian_Nastase
2017-03-14 19:50:11,509 root         INFO     Adriana_Lima
2017-03-14 19:50:11,509 root         INFO     Adriana_Perez_Navarro
2017-03-14 19:50:11,509 root         INFO     Adrianna_Zuzic
2017-03-14 19:50:11,510 root         INFO     Adrien_Brody
2017-03-14 19:50:11,510 root         INFO     Afton_Smith
2017-03-14 19:50:11,510 root         INFO     Agbani_Darego
2017-03-14 19:50:11,510 root         INFO     Agnelo_Queiroz
2017-03-14 19:50:11,510 root         INFO     Agnes_Bruckner
2017-03-14 19:50:11,510 root         INFO     Ahmad_Jbarah
2017-03-14 19:50:11,510 root         INFO     Ahmad_Masood
2017-03-14 19:50:11,510 root         INFO     Ahmed_Ahmed
2017-03-14 19:50:11,510 root         INFO     Ahmed_Chalabi
2017-03-14 19:50:11,510 root         INFO     Ahmed_Ghazi
2017-03-14 19:50:11,511 root         INFO     Ahmed_Ibrahim_Bilal
2017-03-14 19:50:11,511 root         INFO     Ahmed_Lopez
2017-03-14 19:50:11,511 root         INFO     Ahmed_Qureia
2017-03-14 19:50:11,511 root         INFO     Ahmet_Demir
2017-03-14 19:50:11,511 root         INFO     Ahmet_Necdet_Sezer
2017-03-14 19:50:11,511 root         INFO     Ai_Sugiyama
2017-03-14 19:50:11,511 root         INFO     Aicha_El_Ouafi
2017-03-14 19:50:11,511 root         INFO     Aidan_Quinn
2017-03-14 19:50:11,511 root         INFO     Aileen_Riggin_Soule
2017-03-14 19:50:11,511 root         INFO     Ain_Seppik
2017-03-14 19:50:11,511 root         INFO     Ainsworth_Dyer
2017-03-14 19:50:11,511 root         INFO     Aishwarya_Rai
2017-03-14 19:50:11,511 root         INFO     Aitor_Gonzalez
2017-03-14 19:50:11,511 root         INFO     Aiysha_Smith
2017-03-14 19:50:11,511 root         INFO     AJ_Cook
2017-03-14 19:50:11,511 root         INFO     AJ_Lamas
2017-03-14 19:50:11,511 root         INFO     Ajit_Agarkar
2017-03-14 19:50:11,511 root         INFO     Akbar_Al_Baker
2017-03-14 19:50:11,511 root         INFO     Akbar_Hashemi_Rafsanjani
2017-03-14 19:50:11,512 root         INFO     Akhmed_Zakayev
2017-03-14 19:50:11,512 root         INFO     Akiko_Morigami
2017-03-14 19:50:11,512 root         INFO     Akmal_Taher
2017-03-14 19:50:11,512 root         INFO     Al_Cardenas
2017-03-14 19:50:11,512 root         INFO     Al_Davis
2017-03-14 19:50:11,512 root         INFO     Al_Gore
2017-03-14 19:50:11,512 root         INFO     Al_Leiter
2017-03-14 19:50:11,512 root         INFO     Al_Pacino
2017-03-14 19:50:11,512 root         INFO     Al_Sharpton
2017-03-14 19:50:11,512 root         INFO     Alain_Cervantes
2017-03-14 19:50:11,512 root         INFO     Alain_Ducasse
2017-03-14 19:50:11,512 root         INFO     Alan_Ball
2017-03-14 19:50:11,512 root         INFO     Alan_Dershowitz
2017-03-14 19:50:11,512 root         INFO     Alan_Dreher
2017-03-14 19:50:11,512 root         INFO     Alan_Greenspan
2017-03-14 19:50:11,512 root         INFO     Alan_Greer
2017-03-14 19:50:11,512 root         INFO     Alan_Jackson
2017-03-14 19:50:11,512 root         INFO     Alan_Mulally
2017-03-14 19:50:11,513 root         INFO     Alan_Stonecipher
2017-03-14 19:50:11,513 root         INFO     Alan_Tang_Kwong-wing
2017-03-14 19:50:11,513 root         INFO     Alan_Trammell
2017-03-14 19:50:11,513 root         INFO     Alan_Zemaitis
2017-03-14 19:50:11,513 root         INFO     Alanis_Morissette
2017-03-14 19:50:11,513 root         INFO     Alanna_Ubach
2017-03-14 19:50:11,513 root         INFO     Alastair_Campbell
2017-03-14 19:50:11,513 root         INFO     Alastair_Johnston
2017-03-14 19:50:11,513 root         INFO     Albaro_Recoba
2017-03-14 19:50:11,513 root         INFO     Albert_Brooks
2017-03-14 19:50:11,513 root         INFO     Albert_Costa
2017-03-14 19:50:11,513 root         INFO     Albert_Montanes
2017-03-14 19:50:11,513 root         INFO     Albert_Pujols
2017-03-14 19:50:11,513 root         INFO     Alberta_Lee
2017-03-14 19:50:11,513 root         INFO     Alberto_Acosta
2017-03-14 19:50:11,513 root         INFO     Alberto_Fujimori
2017-03-14 19:50:11,513 root         INFO     Alberto_Gonzales
2017-03-14 19:50:11,513 root         INFO     Alberto_Ruiz_Gallardon
2017-03-14 19:50:11,513 root         INFO     Alberto_Sordi
2017-03-14 19:50:11,513 root         INFO     Albrecht_Mentz
2017-03-14 19:50:11,513 root         INFO     Aldo_Paredes
2017-03-14 19:50:11,513 root         INFO     Alec_Baldwin
2017-03-14 19:50:11,513 root         INFO     Alecos_Markides
2017-03-14 19:50:11,513 root         INFO     Alejandro_Atchugarry
2017-03-14 19:50:11,513 root         INFO     Alejandro_Avila
2017-03-14 19:50:11,513 root         INFO     Alejandro_Fernandez
2017-03-14 19:50:11,514 root         INFO     Alejandro_Gonzalez_Inarritu
2017-03-14 19:50:11,514 root         INFO     Alejandro_Lembo
2017-03-14 19:50:11,514 root         INFO     Alejandro_Lerner
2017-03-14 19:50:11,514 root         INFO     Alejandro_Lopez
2017-03-14 19:50:11,514 root         INFO     Alejandro_Toledo
2017-03-14 19:50:11,514 root         INFO     Alek_Wek
2017-03-14 19:50:11,514 root         INFO     Aleksander_Kwasniewski
2017-03-14 19:50:11,514 root         INFO     Aleksander_Voloshin
2017-03-14 19:50:11,514 root         INFO     Alessandra_Cerna
2017-03-14 19:50:11,514 root         INFO     Alessandro_Nesta
2017-03-14 19:50:11,514 root         INFO     Alex_Barros
2017-03-14 19:50:11,514 root         INFO     Alex_Cabrera
2017-03-14 19:50:11,514 root         INFO     Alex_Cejka
2017-03-14 19:50:11,514 root         INFO     Alex_Corretja
2017-03-14 19:50:11,514 root         INFO     Alex_Ferguson
2017-03-14 19:50:11,514 root         INFO     Alex_Gonzalez
2017-03-14 19:50:11,514 root         INFO     Alex_Holmes
2017-03-14 19:50:11,514 root         INFO     Alex_King
2017-03-14 19:50:11,514 root         INFO     Alex_Penelas
2017-03-14 19:50:11,514 root         INFO     Alex_Popov
2017-03-14 19:50:11,514 root         INFO     Alex_Sink
2017-03-14 19:50:11,514 root         INFO     Alex_Wallau
2017-03-14 19:50:11,514 root         INFO     Alex_Zanardi
2017-03-14 19:50:11,514 root         INFO     Alexa_Loren
2017-03-14 19:50:11,514 root         INFO     Alexa_Vega
2017-03-14 19:50:11,514 root         INFO     Alexander_Downer
2017-03-14 19:52:42,455 root         INFO     .DS_Store
2017-03-14 19:52:42,455 root         INFO     Aaron_Eckhart
2017-03-14 19:52:42,455 root         INFO     Aaron_Guiel
2017-03-14 19:52:42,455 root         INFO     Aaron_Patterson
2017-03-14 19:52:42,455 root         INFO     Aaron_Peirsol
2017-03-14 19:52:42,455 root         INFO     Aaron_Pena
2017-03-14 19:52:42,455 root         INFO     Aaron_Sorkin
2017-03-14 19:52:42,455 root         INFO     Aaron_Tippin
2017-03-14 19:52:42,455 root         INFO     Abba_Eban
2017-03-14 19:52:42,455 root         INFO     Abbas_Kiarostami
2017-03-14 19:52:42,455 root         INFO     Abdel_Aziz_Al-Hakim
2017-03-14 19:52:42,455 root         INFO     Abdel_Madi_Shabneh
2017-03-14 19:52:42,455 root         INFO     Abdel_Nasser_Assidi
2017-03-14 19:52:42,455 root         INFO     Abdoulaye_Wade
2017-03-14 19:52:42,455 root         INFO     Abdul_Majeed_Shobokshi
2017-03-14 19:52:42,455 root         INFO     Abdul_Rahman
2017-03-14 19:52:42,455 root         INFO     Abdulaziz_Kamilov
2017-03-14 19:52:42,455 root         INFO     Abdullah
2017-03-14 19:52:42,455 root         INFO     Abdullah_Ahmad_Badawi
2017-03-14 19:52:42,456 root         INFO     Abdullah_al-Attiyah
2017-03-14 19:52:42,456 root         INFO     Abdullah_Gul
2017-03-14 19:52:42,456 root         INFO     Abdullah_Nasseef
2017-03-14 19:52:42,456 root         INFO     Abdullatif_Sener
2017-03-14 19:52:42,456 root         INFO     Abel_Aguilar
2017-03-14 19:52:42,456 root         INFO     Abel_Pacheco
2017-03-14 19:52:42,456 root         INFO     Abid_Hamid_Mahmud_Al-Tikriti
2017-03-14 19:52:42,456 root         INFO     Abner_Martinez
2017-03-14 19:52:42,456 root         INFO     Abraham_Foxman
2017-03-14 19:52:42,456 root         INFO     Aby_Har-Even
2017-03-14 19:52:42,456 root         INFO     Adam_Ant
2017-03-14 19:52:42,456 root         INFO     Adam_Freier
2017-03-14 19:52:42,456 root         INFO     Adam_Herbert
2017-03-14 19:52:42,456 root         INFO     Adam_Kennedy
2017-03-14 19:52:42,456 root         INFO     Adam_Mair
2017-03-14 19:52:42,456 root         INFO     Adam_Rich
2017-03-14 19:52:42,456 root         INFO     Adam_Sandler
2017-03-14 19:52:42,456 root         INFO     Adam_Scott
2017-03-14 19:52:42,456 root         INFO     Adel_Al-Jubeir
2017-03-14 19:52:42,457 root         INFO     Adelina_Avila
2017-03-14 19:52:42,457 root         INFO     Adisai_Bodharamik
2017-03-14 19:52:42,457 root         INFO     Adolfo_Aguilar_Zinser
2017-03-14 19:52:42,457 root         INFO     Adolfo_Rodriguez_Saa
2017-03-14 19:52:42,457 root         INFO     Adoor_Gopalakarishnan
2017-03-14 19:52:42,457 root         INFO     Adrian_Annus
2017-03-14 19:52:42,457 root         INFO     Adrian_Fernandez
2017-03-14 19:52:42,457 root         INFO     Adrian_McPherson
2017-03-14 19:52:42,457 root         INFO     Adrian_Murrell
2017-03-14 19:52:42,457 root         INFO     Adrian_Nastase
2017-03-14 19:52:42,457 root         INFO     Adriana_Lima
2017-03-14 19:52:42,457 root         INFO     Adriana_Perez_Navarro
2017-03-14 19:52:42,457 root         INFO     Adrianna_Zuzic
2017-03-14 19:52:42,457 root         INFO     Adrien_Brody
2017-03-14 19:52:42,457 root         INFO     Afton_Smith
2017-03-14 19:52:42,457 root         INFO     Agbani_Darego
2017-03-14 19:52:42,457 root         INFO     Agnelo_Queiroz
2017-03-14 19:52:42,457 root         INFO     Agnes_Bruckner
2017-03-14 19:52:42,457 root         INFO     Ahmad_Jbarah
2017-03-14 19:52:42,457 root         INFO     Ahmad_Masood
2017-03-14 19:52:42,457 root         INFO     Ahmed_Ahmed
2017-03-14 19:52:42,457 root         INFO     Ahmed_Chalabi
2017-03-14 19:52:42,457 root         INFO     Ahmed_Ghazi
2017-03-14 19:52:42,457 root         INFO     Ahmed_Ibrahim_Bilal
2017-03-14 19:52:42,458 root         INFO     Ahmed_Lopez
2017-03-14 19:52:42,458 root         INFO     Ahmed_Qureia
2017-03-14 19:52:42,458 root         INFO     Ahmet_Demir
2017-03-14 19:52:42,458 root         INFO     Ahmet_Necdet_Sezer
2017-03-14 19:52:42,458 root         INFO     Ai_Sugiyama
2017-03-14 19:52:42,458 root         INFO     Aicha_El_Ouafi
2017-03-14 19:52:42,458 root         INFO     Aidan_Quinn
2017-03-14 19:52:42,458 root         INFO     Aileen_Riggin_Soule
2017-03-14 19:52:42,458 root         INFO     Ain_Seppik
2017-03-14 19:52:42,458 root         INFO     Ainsworth_Dyer
2017-03-14 19:52:42,458 root         INFO     Aishwarya_Rai
2017-03-14 19:52:42,458 root         INFO     Aitor_Gonzalez
2017-03-14 19:52:42,458 root         INFO     Aiysha_Smith
2017-03-14 19:52:42,458 root         INFO     AJ_Cook
2017-03-14 19:52:42,458 root         INFO     AJ_Lamas
2017-03-14 19:52:42,458 root         INFO     Ajit_Agarkar
2017-03-14 19:52:42,458 root         INFO     Akbar_Al_Baker
2017-03-14 19:52:42,458 root         INFO     Akbar_Hashemi_Rafsanjani
2017-03-14 19:52:42,458 root         INFO     Akhmed_Zakayev
2017-03-14 19:52:42,458 root         INFO     Akiko_Morigami
2017-03-14 19:52:42,458 root         INFO     Akmal_Taher
2017-03-14 19:52:42,458 root         INFO     Al_Cardenas
2017-03-14 19:52:42,458 root         INFO     Al_Davis
2017-03-14 19:52:42,458 root         INFO     Al_Gore
2017-03-14 19:52:42,458 root         INFO     Al_Leiter
2017-03-14 19:52:42,458 root         INFO     Al_Pacino
2017-03-14 19:52:42,458 root         INFO     Al_Sharpton
2017-03-14 19:52:42,458 root         INFO     Alain_Cervantes
2017-03-14 19:52:42,459 root         INFO     Alain_Ducasse
2017-03-14 19:52:42,459 root         INFO     Alan_Ball
2017-03-14 19:52:42,459 root         INFO     Alan_Dershowitz
2017-03-14 19:52:42,459 root         INFO     Alan_Dreher
2017-03-14 19:52:42,459 root         INFO     Alan_Greenspan
2017-03-14 19:52:42,459 root         INFO     Alan_Greer
2017-03-14 19:52:42,459 root         INFO     Alan_Jackson
2017-03-14 19:52:42,459 root         INFO     Alan_Mulally
2017-03-14 19:52:42,459 root         INFO     Alan_Stonecipher
2017-03-14 19:52:42,459 root         INFO     Alan_Tang_Kwong-wing
2017-03-14 19:52:42,459 root         INFO     Alan_Trammell
2017-03-14 19:52:42,459 root         INFO     Alan_Zemaitis
2017-03-14 19:52:42,459 root         INFO     Alanis_Morissette
2017-03-14 19:52:42,459 root         INFO     Alanna_Ubach
2017-03-14 19:52:42,459 root         INFO     Alastair_Campbell
2017-03-14 19:52:42,459 root         INFO     Alastair_Johnston
2017-03-14 19:52:42,459 root         INFO     Albaro_Recoba
2017-03-14 19:52:42,459 root         INFO     Albert_Brooks
2017-03-14 19:52:42,459 root         INFO     Albert_Costa
2017-03-14 19:52:42,459 root         INFO     Albert_Montanes
2017-03-14 19:52:42,459 root         INFO     Albert_Pujols
2017-03-14 19:52:42,459 root         INFO     Alberta_Lee
2017-03-14 19:52:42,459 root         INFO     Alberto_Acosta
2017-03-14 19:52:42,459 root         INFO     Alberto_Fujimori
2017-03-14 19:52:42,459 root         INFO     Alberto_Gonzales
2017-03-14 19:52:42,459 root         INFO     Alberto_Ruiz_Gallardon
2017-03-14 19:52:42,459 root         INFO     Alberto_Sordi
2017-03-14 19:52:42,459 root         INFO     Albrecht_Mentz
2017-03-14 19:52:42,460 root         INFO     Aldo_Paredes
2017-03-14 19:52:42,460 root         INFO     Alec_Baldwin
2017-03-14 19:52:42,460 root         INFO     Alecos_Markides
2017-03-14 19:52:42,460 root         INFO     Alejandro_Atchugarry
2017-03-14 19:52:42,460 root         INFO     Alejandro_Avila
2017-03-14 19:52:42,460 root         INFO     Alejandro_Fernandez
2017-03-14 19:52:42,460 root         INFO     Alejandro_Gonzalez_Inarritu
2017-03-14 19:52:42,460 root         INFO     Alejandro_Lembo
2017-03-14 19:52:42,460 root         INFO     Alejandro_Lerner
2017-03-14 19:52:42,460 root         INFO     Alejandro_Lopez
2017-03-14 19:52:42,460 root         INFO     Alejandro_Toledo
2017-03-14 19:52:42,460 root         INFO     Alek_Wek
2017-03-14 19:52:42,460 root         INFO     Aleksander_Kwasniewski
2017-03-14 19:52:42,460 root         INFO     Aleksander_Voloshin
2017-03-14 19:52:42,460 root         INFO     Alessandra_Cerna
2017-03-14 19:52:42,460 root         INFO     Alessandro_Nesta
2017-03-14 19:52:42,460 root         INFO     Alex_Barros
2017-03-14 19:52:42,460 root         INFO     Alex_Cabrera
2017-03-14 19:52:42,460 root         INFO     Alex_Cejka
2017-03-14 19:52:42,460 root         INFO     Alex_Corretja
2017-03-14 19:52:42,460 root         INFO     Alex_Ferguson
2017-03-14 19:52:42,460 root         INFO     Alex_Gonzalez
2017-03-14 19:52:42,460 root         INFO     Alex_Holmes
2017-03-14 19:52:42,460 root         INFO     Alex_King
2017-03-14 19:52:42,460 root         INFO     Alex_Penelas
2017-03-14 19:52:42,460 root         INFO     Alex_Popov
2017-03-14 19:52:42,460 root         INFO     Alex_Sink
2017-03-14 19:52:42,460 root         INFO     Alex_Wallau
2017-03-14 19:52:42,460 root         INFO     Alex_Zanardi
2017-03-14 19:52:42,461 root         INFO     Alexa_Loren
2017-03-14 19:52:42,461 root         INFO     Alexa_Vega
2017-03-14 19:52:42,461 root         INFO     Alexander_Downer
